<?xml version="1.0" encoding="UTF-8"?>
<!-- Generated by org.testng.reporters.JUnitReportReporter -->
<testsuite hostname="DESKTOP-4NFHJ7J" name="testcases.LoginTest" tests="2" failures="0" timestamp="26 Jun 2021 15:34:35 GMT" time="23.555" errors="0">
  <testcase name="LoginHRMExcel" time="10.757" classname="testcases.LoginTest"/>
  <testcase name="loginHRM" time="12.798" classname="testcases.LoginTest"/>
</testsuite> <!-- testcases.LoginTest -->
