<?xml version="1.0" encoding="UTF-8"?>
<!-- Generated by org.testng.reporters.JUnitReportReporter -->
<testsuite hostname="DESKTOP-4NFHJ7J" name="testcases.UserManagementTest" tests="1" failures="0" timestamp="26 Jun 2021 16:46:54 GMT" time="9.613" errors="0">
  <testcase name="UMTest" time="9.613" classname="testcases.UserManagementTest"/>
</testsuite> <!-- testcases.UserManagementTest -->
