<?xml version="1.0" encoding="UTF-8"?>
<!-- Generated by org.testng.reporters.JUnitReportReporter -->
<testsuite hostname="DESKTOP-4NFHJ7J" name="testcases.actionItem7Test" tests="1" failures="0" timestamp="26 Jun 2021 00:55:33 GMT" time="22.673" errors="0">
  <testcase name="actionItemTest" time="22.673" classname="testcases.actionItem7Test"/>
</testsuite> <!-- testcases.actionItem7Test -->
