<?xml version="1.0" encoding="UTF-8"?>
<!-- Generated by org.testng.reporters.JUnitReportReporter -->
<testsuite hostname="DESKTOP-4NFHJ7J" name="testcases.doNow" tests="1" failures="0" timestamp="20 Jun 2021 18:14:49 GMT" time="6.817" errors="0">
  <testcase name="loginHRM" time="6.817" classname="testcases.doNow"/>
</testsuite> <!-- testcases.doNow -->
